
luoliangfu-iMac:~ jiangwenbin$ cd /Users/jiangwenbin/Desktop/videoSample 
luoliangfu-iMac:videoSample jiangwenbin$ ./ffdemo ./
2021-04-23 13:16:47.717 ffdemo[37443:2578645] start ffdemo ---->>
2021-04-23 13:16:47.718 ffdemo[37443:2578645] start ffprobe
2021-04-23 13:16:47.718 ffdemo[37443:2578645] start task with arguments:
(
    "-v",
    quiet,
    "-print_format",
    json,
    "-show_format",
    "-show_streams",
    "/Users/jiangwenbin/Desktop/videoSample/"
)
>taskExc1 finish
2021-04-23 13:16:48.261 ffdemo[37443:2578645] finished ffprobe
2021-04-23 13:16:48.261 ffdemo[37443:2578645] start task with arguments:
(
    "-y",
    "-ss",
    "00:00:15",
    "-t",
    "00:00:20",
    "-i",
    "/Users/jiangwenbin/Desktop/videoSample/",
    "-vcodec",
    copy,
    "-acodec",
    copy,
    "/Users/jiangwenbin/Desktop/output.mp4"
)
ffmpeg version 4.1.3 Copyright (c) 2000-2019 the FFmpeg developers
  built with Apple LLVM version 10.0.1 (clang-1001.0.46.4)
  configuration: --prefix=/usr/local/Cellar/ffmpeg/4.1.3_1 --enable-shared --enable-pthreads --enable-version3 --enable-hardcoded-tables --enable-avresample --cc=clang --host-cflags='-I/Library/Java/JavaVirtualMachines/adoptopenjdk-11.0.2.jdk/Contents/Home/include -I/Library/Java/JavaVirtualMachines/adoptopenjdk-11.0.2.jdk/Contents/Home/include/darwin' --host-ldflags= --enable-ffplay --enable-gnutls --enable-gpl --enable-libaom --enable-libbluray --enable-libmp3lame --enable-libopus --enable-librubberband --enable-libsnappy --enable-libtesseract --enable-libtheora --enable-libvorbis --enable-libvpx --enable-libx264 --enable-libx265 --enable-libxvid --enable-lzma --enable-libfontconfig --enable-libfreetype --enable-frei0r --enable-libass --enable-libopencore-amrnb --enable-libopencore-amrwb --enable-libopenjpeg --enable-librtmp --enable-libspeex --enable-videotoolbox --disable-libjack --disable-indev=jack --enable-libaom --enable-libsoxr
  libavutil      56. 22.100 / 56. 22.100
  libavcodec     58. 35.100 / 58. 35.100
  libavformat    58. 20.100 / 58. 20.100
  libavdevice    58.  5.100 / 58.  5.100
  libavfilter     7. 40.101 /  7. 40.101
  libavresample   4.  0.  0 /  4.  0.  0
  libswscale      5.  3.100 /  5.  3.100
  libswresample   3.  3.100 /  3.  3.100
  libpostproc    55.  3.100 / 55.  3.100

